<?xml version="1.0" encoding="UTF-8"?>
<!-- Generated by org.testng.reporters.JUnitXMLReporter -->
<testsuite hostname="Neelima" ignored="0" name="Default test" tests="3" failures="0" timestamp="28 Oct 2018 22:04:14 GMT" time="13.851" errors="0">
  <testcase name="loginPageTitleTest" time="0.031" classname="com.crm.qa.testcases.LoginPageTest"/>
  <testcase name="crmLogoImageTest" time="0.075" classname="com.crm.qa.testcases.LoginPageTest"/>
  <testcase name="loginTest" time="4.19" classname="com.crm.qa.testcases.LoginPageTest"/>
</testsuite> <!-- Default test -->
