<?xml version="1.0" encoding="UTF-8"?>
<testng-results skipped="0" failed="0" ignored="0" total="3" passed="3">
  <reporter-output>
  </reporter-output>
  <suite name="com.crm.qa.testcases.LoginPageTest" duration-ms="15018" started-at="2018-11-15T04:12:46Z" finished-at="2018-11-15T04:13:01Z">
    <groups>
    </groups>
    <test name="Command line test" duration-ms="15018" started-at="2018-11-15T04:12:46Z" finished-at="2018-11-15T04:13:01Z">
      <class name="com.crm.qa.testcases.LoginPageTest">
        <test-method status="PASS" signature="setUp()[pri:0, instance:com.crm.qa.testcases.LoginPageTest@90f6bfd]" name="setUp" is-config="true" duration-ms="3523" started-at="2018-11-15T04:12:46Z" finished-at="2018-11-15T04:12:50Z">
          <reporter-output>
          </reporter-output>
        </test-method> <!-- setUp -->
        <test-method status="PASS" signature="loginPageTitleTest()[pri:1, instance:com.crm.qa.testcases.LoginPageTest@90f6bfd]" name="loginPageTitleTest" duration-ms="68" started-at="2018-11-15T04:12:50Z" finished-at="2018-11-15T04:12:50Z">
          <reporter-output>
          </reporter-output>
        </test-method> <!-- loginPageTitleTest -->
        <test-method status="PASS" signature="tearDown()[pri:0, instance:com.crm.qa.testcases.LoginPageTest@90f6bfd]" name="tearDown" is-config="true" duration-ms="676" started-at="2018-11-15T04:12:50Z" finished-at="2018-11-15T04:12:51Z">
          <reporter-output>
          </reporter-output>
        </test-method> <!-- tearDown -->
        <test-method status="PASS" signature="setUp()[pri:0, instance:com.crm.qa.testcases.LoginPageTest@90f6bfd]" name="setUp" is-config="true" duration-ms="2926" started-at="2018-11-15T04:12:51Z" finished-at="2018-11-15T04:12:53Z">
          <reporter-output>
          </reporter-output>
        </test-method> <!-- setUp -->
        <test-method status="PASS" signature="crmLogoImageTest()[pri:2, instance:com.crm.qa.testcases.LoginPageTest@90f6bfd]" name="crmLogoImageTest" duration-ms="68" started-at="2018-11-15T04:12:53Z" finished-at="2018-11-15T04:12:54Z">
          <reporter-output>
          </reporter-output>
        </test-method> <!-- crmLogoImageTest -->
        <test-method status="PASS" signature="tearDown()[pri:0, instance:com.crm.qa.testcases.LoginPageTest@90f6bfd]" name="tearDown" is-config="true" duration-ms="672" started-at="2018-11-15T04:12:54Z" finished-at="2018-11-15T04:12:54Z">
          <reporter-output>
          </reporter-output>
        </test-method> <!-- tearDown -->
        <test-method status="PASS" signature="setUp()[pri:0, instance:com.crm.qa.testcases.LoginPageTest@90f6bfd]" name="setUp" is-config="true" duration-ms="3026" started-at="2018-11-15T04:12:54Z" finished-at="2018-11-15T04:12:57Z">
          <reporter-output>
          </reporter-output>
        </test-method> <!-- setUp -->
        <test-method status="PASS" signature="loginTest()[pri:3, instance:com.crm.qa.testcases.LoginPageTest@90f6bfd]" name="loginTest" duration-ms="3363" started-at="2018-11-15T04:12:57Z" finished-at="2018-11-15T04:13:01Z">
          <reporter-output>
          </reporter-output>
        </test-method> <!-- loginTest -->
        <test-method status="PASS" signature="tearDown()[pri:0, instance:com.crm.qa.testcases.LoginPageTest@90f6bfd]" name="tearDown" is-config="true" duration-ms="676" started-at="2018-11-15T04:13:01Z" finished-at="2018-11-15T04:13:01Z">
          <reporter-output>
          </reporter-output>
        </test-method> <!-- tearDown -->
      </class> <!-- com.crm.qa.testcases.LoginPageTest -->
    </test> <!-- Command line test -->
  </suite> <!-- com.crm.qa.testcases.LoginPageTest -->
</testng-results>
