<?xml version="1.0" encoding="UTF-8"?>
<!-- Generated by org.testng.reporters.JUnitXMLReporter -->
<testsuite hostname="Neelima" ignored="0" name="Command line test" tests="3" failures="0" timestamp="15 Nov 2018 04:13:01 GMT" time="15.018" errors="0">
  <testcase name="loginPageTitleTest" time="0.068" classname="com.crm.qa.testcases.LoginPageTest"/>
  <testcase name="crmLogoImageTest" time="0.068" classname="com.crm.qa.testcases.LoginPageTest"/>
  <testcase name="loginTest" time="3.363" classname="com.crm.qa.testcases.LoginPageTest"/>
</testsuite> <!-- Command line test -->
