<?xml version="1.0" encoding="UTF-8"?>
<!-- Generated by org.testng.reporters.JUnitXMLReporter -->
<testsuite hostname="Neelima" ignored="0" name="Command line test" tests="3" failures="0" timestamp="30 Oct 2018 18:47:18 GMT" time="21.927" errors="0">
  <testcase name="loginPageTitleTest" time="0.011" classname="com.crm.qa.testcases.LoginPageTest"/>
  <testcase name="crmLogoImageTest" time="0.058" classname="com.crm.qa.testcases.LoginPageTest"/>
  <testcase name="loginTest" time="5.109" classname="com.crm.qa.testcases.LoginPageTest"/>
</testsuite> <!-- Command line test -->
